app/build/intermediates/manifest_merge_blame_file/debug/manifest-merger-blame-debug-report.txt
1<?xml version="1.0" encoding="utf-8"?>
2<manifest xmlns:android="http://schemas.android.com/apk/res/android"
3    package="com.example.nestly"
4    android:versionCode="1"
5    android:versionName="1.0" >
6
7    <uses-sdk
8        android:minSdkVersion="29"
8-->src\main\AndroidManifest.xml
9        android:targetSdkVersion="29" />
9-->src\main\AndroidManifest.xml
10
11    <!-- Required permission for App measurement to run. -->
12    <uses-permission android:name="android.permission.INTERNET" />
12-->[com.google.android.gms:play-services-measurement:17.2.3] AndroidManifest.xml:23:5-67
12-->[com.google.android.gms:play-services-measurement:17.2.3] AndroidManifest.xml:23:22-64
13    <uses-permission android:name="android.permission.ACCESS_NETWORK_STATE" />
13-->[com.google.android.gms:play-services-measurement:17.2.3] AndroidManifest.xml:24:5-79
13-->[com.google.android.gms:play-services-measurement:17.2.3] AndroidManifest.xml:24:22-76
14    <uses-permission android:name="android.permission.WAKE_LOCK" />
14-->[com.google.android.gms:play-services-measurement:17.2.3] AndroidManifest.xml:25:5-68
14-->[com.google.android.gms:play-services-measurement:17.2.3] AndroidManifest.xml:25:22-65
15    <uses-permission android:name="com.google.android.finsky.permission.BIND_GET_INSTALL_REFERRER_SERVICE" /> <!-- Required by older versions of Google Play services to create IID tokens -->
15-->[com.google.android.gms:play-services-measurement:17.2.3] AndroidManifest.xml:26:5-110
15-->[com.google.android.gms:play-services-measurement:17.2.3] AndroidManifest.xml:26:22-107
16    <uses-permission android:name="com.google.android.c2dm.permission.RECEIVE" />
16-->[com.google.firebase:firebase-iid:20.0.2] AndroidManifest.xml:26:5-82
16-->[com.google.firebase:firebase-iid:20.0.2] AndroidManifest.xml:26:22-79
17
18    <application
18-->src\main\AndroidManifest.xml:5:5-32:19
19        android:allowBackup="true"
19-->src\main\AndroidManifest.xml:6:9-35
20        android:appComponentFactory="androidx.core.app.CoreComponentFactory"
20-->[androidx.core:core:1.1.0] AndroidManifest.xml:24:18-86
21        android:debuggable="true"
22        android:icon="@drawable/logo"
22-->src\main\AndroidManifest.xml:7:9-38
23        android:label="@string/app_name"
23-->src\main\AndroidManifest.xml:8:9-41
24        android:roundIcon="@drawable/logo"
24-->src\main\AndroidManifest.xml:9:9-43
25        android:supportsRtl="true"
25-->src\main\AndroidManifest.xml:10:9-35
26        android:theme="@style/AppTheme" >
26-->src\main\AndroidManifest.xml:11:9-40
27        <activity android:name="com.example.nestly.LongAnswerActivity" />
27-->src\main\AndroidManifest.xml:12:9-65
27-->src\main\AndroidManifest.xml:12:19-53
28        <activity android:name="com.example.nestly.SituationalActivity" />
28-->src\main\AndroidManifest.xml:13:9-57
28-->src\main\AndroidManifest.xml:13:19-54
29        <activity android:name="com.example.nestly.HabitsActivity" />
29-->src\main\AndroidManifest.xml:14:9-52
29-->src\main\AndroidManifest.xml:14:19-49
30        <activity android:name="com.example.nestly.SignupActivity" />
30-->src\main\AndroidManifest.xml:15:9-52
30-->src\main\AndroidManifest.xml:15:19-49
31        <activity android:name="com.example.nestly.LoginActivity" />
31-->src\main\AndroidManifest.xml:16:9-51
31-->src\main\AndroidManifest.xml:16:19-48
32        <activity android:name="com.example.nestly.StartActivity" />
32-->src\main\AndroidManifest.xml:17:9-51
32-->src\main\AndroidManifest.xml:17:19-48
33        <activity android:name="com.example.nestly.MyProfileActivity" />
33-->src\main\AndroidManifest.xml:18:9-55
33-->src\main\AndroidManifest.xml:18:19-52
34        <activity
34-->src\main\AndroidManifest.xml:19:9-22:52
35            android:name="com.example.nestly.ui.login.LoginActivity"
35-->src\main\AndroidManifest.xml:20:13-51
36            android:label="@string/title_activity_login"
36-->src\main\AndroidManifest.xml:21:13-57
37            android:screenOrientation="portrait" />
37-->src\main\AndroidManifest.xml:22:13-49
38        <activity
38-->src\main\AndroidManifest.xml:23:9-31:20
39            android:name="com.example.nestly.MainActivity"
39-->src\main\AndroidManifest.xml:24:13-41
40            android:screenOrientation="portrait" >
40-->src\main\AndroidManifest.xml:25:13-49
41            <intent-filter>
41-->src\main\AndroidManifest.xml:26:13-30:29
42                <action android:name="android.intent.action.MAIN" />
42-->src\main\AndroidManifest.xml:27:17-69
42-->src\main\AndroidManifest.xml:27:25-66
43
44                <category android:name="android.intent.category.LAUNCHER" />
44-->src\main\AndroidManifest.xml:29:17-77
44-->src\main\AndroidManifest.xml:29:27-74
45            </intent-filter>
46        </activity>
47
48        <receiver
48-->[com.google.android.gms:play-services-measurement:17.2.3] AndroidManifest.xml:29:9-33:20
49            android:name="com.google.android.gms.measurement.AppMeasurementReceiver"
49-->[com.google.android.gms:play-services-measurement:17.2.3] AndroidManifest.xml:30:13-85
50            android:enabled="true"
50-->[com.google.android.gms:play-services-measurement:17.2.3] AndroidManifest.xml:31:13-35
51            android:exported="false" >
51-->[com.google.android.gms:play-services-measurement:17.2.3] AndroidManifest.xml:32:13-37
52        </receiver>
53        <receiver
53-->[com.google.android.gms:play-services-measurement:17.2.3] AndroidManifest.xml:34:9-42:20
54            android:name="com.google.android.gms.measurement.AppMeasurementInstallReferrerReceiver"
54-->[com.google.android.gms:play-services-measurement:17.2.3] AndroidManifest.xml:35:13-100
55            android:enabled="true"
55-->[com.google.android.gms:play-services-measurement:17.2.3] AndroidManifest.xml:36:13-35
56            android:exported="true"
56-->[com.google.android.gms:play-services-measurement:17.2.3] AndroidManifest.xml:37:13-36
57            android:permission="android.permission.INSTALL_PACKAGES" >
57-->[com.google.android.gms:play-services-measurement:17.2.3] AndroidManifest.xml:38:13-69
58            <intent-filter>
58-->[com.google.android.gms:play-services-measurement:17.2.3] AndroidManifest.xml:39:13-41:29
59                <action android:name="com.android.vending.INSTALL_REFERRER" />
59-->[com.google.android.gms:play-services-measurement:17.2.3] AndroidManifest.xml:40:17-79
59-->[com.google.android.gms:play-services-measurement:17.2.3] AndroidManifest.xml:40:25-76
60            </intent-filter>
61        </receiver>
62
63        <service
63-->[com.google.android.gms:play-services-measurement:17.2.3] AndroidManifest.xml:44:9-47:40
64            android:name="com.google.android.gms.measurement.AppMeasurementService"
64-->[com.google.android.gms:play-services-measurement:17.2.3] AndroidManifest.xml:45:13-84
65            android:enabled="true"
65-->[com.google.android.gms:play-services-measurement:17.2.3] AndroidManifest.xml:46:13-35
66            android:exported="false" />
66-->[com.google.android.gms:play-services-measurement:17.2.3] AndroidManifest.xml:47:13-37
67        <service
67-->[com.google.android.gms:play-services-measurement:17.2.3] AndroidManifest.xml:48:9-52:72
68            android:name="com.google.android.gms.measurement.AppMeasurementJobService"
68-->[com.google.android.gms:play-services-measurement:17.2.3] AndroidManifest.xml:49:13-87
69            android:enabled="true"
69-->[com.google.android.gms:play-services-measurement:17.2.3] AndroidManifest.xml:50:13-35
70            android:exported="false"
70-->[com.google.android.gms:play-services-measurement:17.2.3] AndroidManifest.xml:51:13-37
71            android:permission="android.permission.BIND_JOB_SERVICE" />
71-->[com.google.android.gms:play-services-measurement:17.2.3] AndroidManifest.xml:52:13-69
72        <service
72-->[com.google.android.gms:play-services-measurement-api:17.2.3] AndroidManifest.xml:27:9-33:19
73            android:name="com.google.firebase.components.ComponentDiscoveryService"
73-->[com.google.android.gms:play-services-measurement-api:17.2.3] AndroidManifest.xml:28:13-84
74            android:directBootAware="true"
74-->[com.google.firebase:firebase-common:19.3.0] AndroidManifest.xml:34:13-43
75            android:exported="false" >
75-->[com.google.android.gms:play-services-measurement-api:17.2.3] AndroidManifest.xml:29:13-37
76            <meta-data
76-->[com.google.android.gms:play-services-measurement-api:17.2.3] AndroidManifest.xml:30:13-32:85
77                android:name="com.google.firebase.components:com.google.firebase.analytics.connector.internal.AnalyticsConnectorRegistrar"
77-->[com.google.android.gms:play-services-measurement-api:17.2.3] AndroidManifest.xml:31:17-139
78                android:value="com.google.firebase.components.ComponentRegistrar" />
78-->[com.google.android.gms:play-services-measurement-api:17.2.3] AndroidManifest.xml:32:17-82
79            <meta-data
79-->[com.google.firebase:firebase-iid:20.0.2] AndroidManifest.xml:32:13-34:85
80                android:name="com.google.firebase.components:com.google.firebase.iid.Registrar"
80-->[com.google.firebase:firebase-iid:20.0.2] AndroidManifest.xml:33:17-96
81                android:value="com.google.firebase.components.ComponentRegistrar" />
81-->[com.google.firebase:firebase-iid:20.0.2] AndroidManifest.xml:34:17-82
82        </service>
83
84        <receiver
84-->[com.google.firebase:firebase-iid:20.0.2] AndroidManifest.xml:37:9-44:20
85            android:name="com.google.firebase.iid.FirebaseInstanceIdReceiver"
85-->[com.google.firebase:firebase-iid:20.0.2] AndroidManifest.xml:38:13-78
86            android:exported="true"
86-->[com.google.firebase:firebase-iid:20.0.2] AndroidManifest.xml:39:13-36
87            android:permission="com.google.android.c2dm.permission.SEND" >
87-->[com.google.firebase:firebase-iid:20.0.2] AndroidManifest.xml:40:13-73
88            <intent-filter>
88-->[com.google.firebase:firebase-iid:20.0.2] AndroidManifest.xml:41:13-43:29
89                <action android:name="com.google.android.c2dm.intent.RECEIVE" />
89-->[com.google.firebase:firebase-iid:20.0.2] AndroidManifest.xml:42:17-81
89-->[com.google.firebase:firebase-iid:20.0.2] AndroidManifest.xml:42:25-78
90            </intent-filter>
91        </receiver>
92
93        <provider
93-->[com.google.firebase:firebase-common:19.3.0] AndroidManifest.xml:26:9-30:39
94            android:name="com.google.firebase.provider.FirebaseInitProvider"
94-->[com.google.firebase:firebase-common:19.3.0] AndroidManifest.xml:27:13-77
95            android:authorities="com.example.nestly.firebaseinitprovider"
95-->[com.google.firebase:firebase-common:19.3.0] AndroidManifest.xml:28:13-72
96            android:exported="false"
96-->[com.google.firebase:firebase-common:19.3.0] AndroidManifest.xml:29:13-37
97            android:initOrder="100" />
97-->[com.google.firebase:firebase-common:19.3.0] AndroidManifest.xml:30:13-36
98
99        <activity
99-->[com.google.android.gms:play-services-base:17.0.0] AndroidManifest.xml:23:9-26:75
100            android:name="com.google.android.gms.common.api.GoogleApiActivity"
100-->[com.google.android.gms:play-services-base:17.0.0] AndroidManifest.xml:24:13-79
101            android:exported="false"
101-->[com.google.android.gms:play-services-base:17.0.0] AndroidManifest.xml:25:13-37
102            android:theme="@android:style/Theme.Translucent.NoTitleBar" />
102-->[com.google.android.gms:play-services-base:17.0.0] AndroidManifest.xml:26:13-72
103
104        <meta-data
104-->[com.google.android.gms:play-services-basement:17.0.0] AndroidManifest.xml:23:9-25:69
105            android:name="com.google.android.gms.version"
105-->[com.google.android.gms:play-services-basement:17.0.0] AndroidManifest.xml:24:13-58
106            android:value="@integer/google_play_services_version" />
106-->[com.google.android.gms:play-services-basement:17.0.0] AndroidManifest.xml:25:13-66
107
108        <provider
108-->[androidx.lifecycle:lifecycle-process:2.0.0] AndroidManifest.xml:23:9-27:43
109            android:name="androidx.lifecycle.ProcessLifecycleOwnerInitializer"
109-->[androidx.lifecycle:lifecycle-process:2.0.0] AndroidManifest.xml:24:13-79
110            android:authorities="com.example.nestly.lifecycle-process"
110-->[androidx.lifecycle:lifecycle-process:2.0.0] AndroidManifest.xml:25:13-69
111            android:exported="false"
111-->[androidx.lifecycle:lifecycle-process:2.0.0] AndroidManifest.xml:26:13-37
112            android:multiprocess="true" />
112-->[androidx.lifecycle:lifecycle-process:2.0.0] AndroidManifest.xml:27:13-40
113    </application>
114
115</manifest>